<?xml version="1.0" encoding="utf-8"?><testsuites name="pytest tests"><testsuite name="pytest" errors="0" failures="1" skipped="0" tests="15" time="21.883" timestamp="2026-09-04T16:46:17.503399+00:00" hostname="agent-env-e6961d98-7d3f-45b6-bd35-6e53a7314088"><testcase classname="backend.tests.test_broker_network_v2" name="test_bn1_create_broker" time="0.465" /><testcase classname="backend.tests.test_broker_network_v2" name="test_bn1_list_contains_broker" time="0.113" /><testcase classname="backend.tests.test_broker_network_v2" name="test_bn1_dedupe_by_phone_digits" time="0.120" /><testcase classname="backend.tests.test_broker_network_v2" name="test_bn1_patch_broker" time="0.232" /><testcase classname="backend.tests.test_broker_network_v2" name="test_bn2_share_create" time="0.130" /><testcase classname="backend.tests.test_broker_network_v2" name="test_bn2_share_no_valid_brokers" time="0.104" /><testcase classname="backend.tests.test_broker_network_v2" name="test_bn3_public_anonymized_no_pii" time="0.100" /><testcase classname="backend.tests.test_broker_network_v2" name="test_bn3_viewcount_increments" time="0.317" /><testcase classname="backend.tests.test_broker_network_v2" name="test_bn4_submit_response_creates_inventory_and_shortlist" time="0.386" /><testcase classname="backend.tests.test_broker_network_v2" name="test_bn5_revoke" time="0.221" /><testcase classname="backend.tests.test_broker_network_v2" name="test_bn5_expired" time="1.540"><failure message="assert True is False">backend/tests/test_broker_network_v2.py:191: in test_bn5_expired
    assert body["ok"] is False
E   assert True is False</failure></testcase><testcase classname="backend.tests.test_broker_network_v2" name="test_bn1_delete_broker" time="0.192" /><testcase classname="backend.tests.test_broker_network_v2" name="test_reg1_inventory_loads" time="0.092" /><testcase classname="backend.tests.test_broker_network_v2" name="test_reg3_dashboard_page" time="0.102" /><testcase classname="backend.tests.test_broker_network_v2" name="test_reg4_mongo_persistence_after_restart" time="17.425" /></testsuite></testsuites>