<?xml version="1.0" encoding="utf-8"?><testsuites name="pytest tests"><testsuite name="pytest" errors="0" failures="0" skipped="0" tests="3" time="1.633" timestamp="2026-09-04T15:12:52.566471+00:00" hostname="agent-env-e6961d98-7d3f-45b6-bd35-6e53a7314088"><testcase classname="test_reports.rera_backend_test" name="test_get_rera_has_top_level_fields" time="0.487" /><testcase classname="test_reports.rera_backend_test" name="test_patch_rera_fields_persist_top_level" time="0.483" /><testcase classname="test_reports.rera_backend_test" name="test_nonrera_untouched" time="0.437" /></testsuite></testsuites>